TN:
SF:src\services\slices\constructorSlice.ts
FN:18,setBun
FN:21,addIngredient
FN:24,moveIngredientUp
FN:32,moveIngredientDown
FN:40,removeIngredient
FN:45,clearConstructor
FNF:6
FNH:6
FNDA:3,setBun
FNDA:6,addIngredient
FNDA:3,moveIngredientUp
FNDA:3,moveIngredientDown
FNDA:3,removeIngredient
FNDA:3,clearConstructor
DA:1,1
DA:2,1
DA:3,1
DA:4,1
DA:5,1
DA:6,1
DA:7,1
DA:8,1
DA:9,1
DA:10,1
DA:11,1
DA:12,1
DA:13,1
DA:14,1
DA:15,1
DA:16,1
DA:17,1
DA:18,1
DA:19,3
DA:20,1
DA:21,1
DA:22,6
DA:23,1
DA:24,1
DA:25,3
DA:26,3
DA:27,3
DA:28,2
DA:29,2
DA:30,2
DA:31,1
DA:32,1
DA:33,3
DA:34,3
DA:35,3
DA:36,2
DA:37,2
DA:38,2
DA:39,1
DA:40,1
DA:41,3
DA:42,3
DA:43,3
DA:44,1
DA:45,1
DA:46,3
DA:47,3
DA:48,3
DA:49,1
DA:50,1
DA:51,1
DA:52,1
DA:53,1
DA:54,1
DA:55,1
DA:56,1
DA:57,1
DA:58,1
DA:59,1
DA:60,1
DA:61,1
LF:61
LH:61
BRDA:18,0,0,3
BRDA:21,1,0,6
BRDA:24,2,0,3
BRDA:27,3,0,1
BRDA:28,4,0,2
BRDA:26,5,0,5
BRDA:32,6,0,3
BRDA:35,7,0,1
BRDA:36,8,0,2
BRDA:34,9,0,6
BRDA:40,10,0,3
BRDA:42,11,0,8
BRDA:45,12,0,3
BRF:13
BRH:13
end_of_record
TN:
SF:src\services\slices\ingredientsSlice.ts
FN:29,extraReducers
FNF:1
FNH:1
FNDA:1,extraReducers
DA:1,1
DA:2,1
DA:3,1
DA:4,1
DA:5,1
DA:6,1
DA:7,1
DA:8,1
DA:9,1
DA:10,1
DA:11,1
DA:12,1
DA:13,1
DA:14,1
DA:15,1
DA:16,1
DA:17,1
DA:18,1
DA:19,1
DA:20,2
DA:21,2
DA:22,2
DA:23,1
DA:24,1
DA:25,1
DA:26,1
DA:27,1
DA:28,1
DA:29,1
DA:30,1
DA:31,1
DA:32,3
DA:33,3
DA:34,1
DA:35,1
DA:36,2
DA:37,2
DA:38,1
DA:39,1
DA:40,3
DA:41,3
DA:42,3
DA:43,1
DA:44,1
DA:45,1
DA:46,1
DA:47,1
LF:47
LH:47
BRDA:19,0,0,2
BRDA:19,1,0,2
BRDA:20,2,0,2
BRDA:29,3,0,1
BRDA:31,4,0,3
BRDA:35,5,0,2
BRDA:39,6,0,3
BRDA:42,7,0,1
BRF:8
BRH:8
end_of_record
